Analysis & Synthesis report for i2c
Sun Nov 02 11:40:18 2025
Quartus II 64-Bit Version 13.0.1 Build 232 06/12/2013 Service Pack 1 SJ Web Edition


---------------------
; Table of Contents ;
---------------------
  1. Legal Notice
  2. Analysis & Synthesis Summary
  3. Analysis & Synthesis Settings
  4. Parallel Compilation
  5. Analysis & Synthesis Source Files Read
  6. Analysis & Synthesis Resource Usage Summary
  7. Analysis & Synthesis Resource Utilization by Entity
  8. Analysis & Synthesis IP Cores Summary
  9. State Machine - |circuitoi2c|i2c:inst11|fstate
 10. Registers Removed During Synthesis
 11. Removed Registers Triggering Further Register Optimizations
 12. General Register Statistics
 13. Parameter Settings for User Entity Instance: lpm_counter3:inst4|lpm_counter:LPM_COUNTER_component
 14. Parameter Settings for User Entity Instance: lpm_shiftreg1:inst9|lpm_shiftreg:LPM_SHIFTREG_component
 15. Parameter Settings for User Entity Instance: lpm_shiftreg1:inst10|lpm_shiftreg:LPM_SHIFTREG_component
 16. Parameter Settings for User Entity Instance: lpm_counter2:inst5|lpm_counter:LPM_COUNTER_component
 17. Parameter Settings for User Entity Instance: lpm_shiftreg2:inst6|lpm_shiftreg:LPM_SHIFTREG_component
 18. lpm_shiftreg Parameter Settings by Entity Instance
 19. Elapsed Time Per Partition
 20. Analysis & Synthesis Messages



----------------
; Legal Notice ;
----------------
Copyright (C) 1991-2013 Altera Corporation
Your use of Altera Corporation's design tools, logic functions 
and other software and tools, and its AMPP partner logic 
functions, and any output files from any of the foregoing 
(including device programming or simulation files), and any 
associated documentation or information are expressly subject 
to the terms and conditions of the Altera Program License 
Subscription Agreement, Altera MegaCore Function License 
Agreement, or other applicable license agreement, including, 
without limitation, that your use is for the sole purpose of 
programming logic devices manufactured by Altera and sold by 
Altera or its authorized distributors.  Please refer to the 
applicable agreement for further details.



+--------------------------------------------------------------------------------------+
; Analysis & Synthesis Summary                                                         ;
+------------------------------------+-------------------------------------------------+
; Analysis & Synthesis Status        ; Successful - Sun Nov 02 11:40:18 2025           ;
; Quartus II 64-Bit Version          ; 13.0.1 Build 232 06/12/2013 SP 1 SJ Web Edition ;
; Revision Name                      ; i2c                                             ;
; Top-level Entity Name              ; circuitoi2c                                     ;
; Family                             ; Cyclone III                                     ;
; Total logic elements               ; 8                                               ;
;     Total combinational functions  ; 8                                               ;
;     Dedicated logic registers      ; 6                                               ;
; Total registers                    ; 6                                               ;
; Total pins                         ; 9                                               ;
; Total virtual pins                 ; 0                                               ;
; Total memory bits                  ; 0                                               ;
; Embedded Multiplier 9-bit elements ; 0                                               ;
; Total PLLs                         ; 0                                               ;
+------------------------------------+-------------------------------------------------+


+----------------------------------------------------------------------------------------------------------------------+
; Analysis & Synthesis Settings                                                                                        ;
+----------------------------------------------------------------------------+--------------------+--------------------+
; Option                                                                     ; Setting            ; Default Value      ;
+----------------------------------------------------------------------------+--------------------+--------------------+
; Device                                                                     ; EP3C120F780C7      ;                    ;
; Top-level entity name                                                      ; circuitoi2c        ; i2c                ;
; Family name                                                                ; Cyclone III        ; Cyclone IV GX      ;
; Use smart compilation                                                      ; Off                ; Off                ;
; Enable parallel Assembler and TimeQuest Timing Analyzer during compilation ; On                 ; On                 ;
; Enable compact report table                                                ; Off                ; Off                ;
; Restructure Multiplexers                                                   ; Auto               ; Auto               ;
; Create Debugging Nodes for IP Cores                                        ; Off                ; Off                ;
; Preserve fewer node names                                                  ; On                 ; On                 ;
; Disable OpenCore Plus hardware evaluation                                  ; Off                ; Off                ;
; Verilog Version                                                            ; Verilog_2001       ; Verilog_2001       ;
; VHDL Version                                                               ; VHDL_1993          ; VHDL_1993          ;
; State Machine Processing                                                   ; Auto               ; Auto               ;
; Safe State Machine                                                         ; Off                ; Off                ;
; Extract Verilog State Machines                                             ; On                 ; On                 ;
; Extract VHDL State Machines                                                ; On                 ; On                 ;
; Ignore Verilog initial constructs                                          ; Off                ; Off                ;
; Iteration limit for constant Verilog loops                                 ; 5000               ; 5000               ;
; Iteration limit for non-constant Verilog loops                             ; 250                ; 250                ;
; Add Pass-Through Logic to Inferred RAMs                                    ; On                 ; On                 ;
; Infer RAMs from Raw Logic                                                  ; On                 ; On                 ;
; Parallel Synthesis                                                         ; On                 ; On                 ;
; DSP Block Balancing                                                        ; Auto               ; Auto               ;
; NOT Gate Push-Back                                                         ; On                 ; On                 ;
; Power-Up Don't Care                                                        ; On                 ; On                 ;
; Remove Redundant Logic Cells                                               ; Off                ; Off                ;
; Remove Duplicate Registers                                                 ; On                 ; On                 ;
; Ignore CARRY Buffers                                                       ; Off                ; Off                ;
; Ignore CASCADE Buffers                                                     ; Off                ; Off                ;
; Ignore GLOBAL Buffers                                                      ; Off                ; Off                ;
; Ignore ROW GLOBAL Buffers                                                  ; Off                ; Off                ;
; Ignore LCELL Buffers                                                       ; Off                ; Off                ;
; Ignore SOFT Buffers                                                        ; On                 ; On                 ;
; Limit AHDL Integers to 32 Bits                                             ; Off                ; Off                ;
; Optimization Technique                                                     ; Balanced           ; Balanced           ;
; Carry Chain Length                                                         ; 70                 ; 70                 ;
; Auto Carry Chains                                                          ; On                 ; On                 ;
; Auto Open-Drain Pins                                                       ; On                 ; On                 ;
; Perform WYSIWYG Primitive Resynthesis                                      ; Off                ; Off                ;
; Auto ROM Replacement                                                       ; On                 ; On                 ;
; Auto RAM Replacement                                                       ; On                 ; On                 ;
; Auto DSP Block Replacement                                                 ; On                 ; On                 ;
; Auto Shift Register Replacement                                            ; Auto               ; Auto               ;
; Allow Shift Register Merging across Hierarchies                            ; Auto               ; Auto               ;
; Auto Clock Enable Replacement                                              ; On                 ; On                 ;
; Strict RAM Replacement                                                     ; Off                ; Off                ;
; Allow Synchronous Control Signals                                          ; On                 ; On                 ;
; Force Use of Synchronous Clear Signals                                     ; Off                ; Off                ;
; Auto RAM Block Balancing                                                   ; On                 ; On                 ;
; Auto RAM to Logic Cell Conversion                                          ; Off                ; Off                ;
; Auto Resource Sharing                                                      ; Off                ; Off                ;
; Allow Any RAM Size For Recognition                                         ; Off                ; Off                ;
; Allow Any ROM Size For Recognition                                         ; Off                ; Off                ;
; Allow Any Shift Register Size For Recognition                              ; Off                ; Off                ;
; Use LogicLock Constraints during Resource Balancing                        ; On                 ; On                 ;
; Ignore translate_off and synthesis_off directives                          ; Off                ; Off                ;
; Timing-Driven Synthesis                                                    ; On                 ; On                 ;
; Report Parameter Settings                                                  ; On                 ; On                 ;
; Report Source Assignments                                                  ; On                 ; On                 ;
; Report Connectivity Checks                                                 ; On                 ; On                 ;
; Ignore Maximum Fan-Out Assignments                                         ; Off                ; Off                ;
; Synchronization Register Chain Length                                      ; 2                  ; 2                  ;
; PowerPlay Power Optimization                                               ; Normal compilation ; Normal compilation ;
; HDL message level                                                          ; Level2             ; Level2             ;
; Suppress Register Optimization Related Messages                            ; Off                ; Off                ;
; Number of Removed Registers Reported in Synthesis Report                   ; 5000               ; 5000               ;
; Number of Swept Nodes Reported in Synthesis Report                         ; 5000               ; 5000               ;
; Number of Inverted Registers Reported in Synthesis Report                  ; 100                ; 100                ;
; Clock MUX Protection                                                       ; On                 ; On                 ;
; Auto Gated Clock Conversion                                                ; Off                ; Off                ;
; Block Design Naming                                                        ; Auto               ; Auto               ;
; SDC constraint protection                                                  ; Off                ; Off                ;
; Synthesis Effort                                                           ; Auto               ; Auto               ;
; Shift Register Replacement - Allow Asynchronous Clear Signal               ; On                 ; On                 ;
; Pre-Mapping Resynthesis Optimization                                       ; Off                ; Off                ;
; Analysis & Synthesis Message Level                                         ; Medium             ; Medium             ;
; Disable Register Merging Across Hierarchies                                ; Auto               ; Auto               ;
; Resource Aware Inference For Block RAM                                     ; On                 ; On                 ;
; Synthesis Seed                                                             ; 1                  ; 1                  ;
+----------------------------------------------------------------------------+--------------------+--------------------+


Parallel compilation was disabled, but you have multiple processors available. Enable parallel compilation to reduce compilation time.
+-------------------------------------+
; Parallel Compilation                ;
+----------------------------+--------+
; Processors                 ; Number ;
+----------------------------+--------+
; Number detected on machine ; 8      ;
; Maximum allowed            ; 1      ;
+----------------------------+--------+


+------------------------------------------------------------------------------------------------------------------------------------------------------------------------------------------------+
; Analysis & Synthesis Source Files Read                                                                                                                                                         ;
+----------------------------------+-----------------+------------------------------------+--------------------------------------------------------------------------------------------+---------+
; File Name with User-Entered Path ; Used in Netlist ; File Type                          ; File Name with Absolute Path                                                               ; Library ;
+----------------------------------+-----------------+------------------------------------+--------------------------------------------------------------------------------------------+---------+
; circuitoi2c.bdf                  ; yes             ; User Block Diagram/Schematic File  ; C:/Users/Usuario/Documents/Facultad/TyDD2/ProgramasVHDL/Prueba_1/Parte_F/circuitoi2c.bdf   ;         ;
; lpm_counter2.vhd                 ; yes             ; User Wizard-Generated File         ; C:/Users/Usuario/Documents/Facultad/TyDD2/ProgramasVHDL/Prueba_1/Parte_F/lpm_counter2.vhd  ;         ;
; lpm_counter3.vhd                 ; yes             ; User Wizard-Generated File         ; C:/Users/Usuario/Documents/Facultad/TyDD2/ProgramasVHDL/Prueba_1/Parte_F/lpm_counter3.vhd  ;         ;
; lpm_shiftreg1.vhd                ; yes             ; User Wizard-Generated File         ; C:/Users/Usuario/Documents/Facultad/TyDD2/ProgramasVHDL/Prueba_1/Parte_F/lpm_shiftreg1.vhd ;         ;
; comparador.vhd                   ; yes             ; User VHDL File                     ; C:/Users/Usuario/Documents/Facultad/TyDD2/ProgramasVHDL/Prueba_1/Parte_F/comparador.vhd    ;         ;
; lpm_shiftreg2.vhd                ; yes             ; User Wizard-Generated File         ; C:/Users/Usuario/Documents/Facultad/TyDD2/ProgramasVHDL/Prueba_1/Parte_F/lpm_shiftreg2.vhd ;         ;
; i2c.vhd                          ; yes             ; Auto-Found VHDL File               ; C:/Users/Usuario/Documents/Facultad/TyDD2/ProgramasVHDL/Prueba_1/Parte_F/i2c.vhd           ;         ;
; lpm_counter.tdf                  ; yes             ; Megafunction                       ; c:/altera/13.0sp1/quartus/libraries/megafunctions/lpm_counter.tdf                          ;         ;
; lpm_constant.inc                 ; yes             ; Megafunction                       ; c:/altera/13.0sp1/quartus/libraries/megafunctions/lpm_constant.inc                         ;         ;
; lpm_decode.inc                   ; yes             ; Megafunction                       ; c:/altera/13.0sp1/quartus/libraries/megafunctions/lpm_decode.inc                           ;         ;
; lpm_add_sub.inc                  ; yes             ; Megafunction                       ; c:/altera/13.0sp1/quartus/libraries/megafunctions/lpm_add_sub.inc                          ;         ;
; cmpconst.inc                     ; yes             ; Megafunction                       ; c:/altera/13.0sp1/quartus/libraries/megafunctions/cmpconst.inc                             ;         ;
; lpm_compare.inc                  ; yes             ; Megafunction                       ; c:/altera/13.0sp1/quartus/libraries/megafunctions/lpm_compare.inc                          ;         ;
; lpm_counter.inc                  ; yes             ; Megafunction                       ; c:/altera/13.0sp1/quartus/libraries/megafunctions/lpm_counter.inc                          ;         ;
; dffeea.inc                       ; yes             ; Megafunction                       ; c:/altera/13.0sp1/quartus/libraries/megafunctions/dffeea.inc                               ;         ;
; alt_counter_stratix.inc          ; yes             ; Megafunction                       ; c:/altera/13.0sp1/quartus/libraries/megafunctions/alt_counter_stratix.inc                  ;         ;
; aglobal130.inc                   ; yes             ; Megafunction                       ; c:/altera/13.0sp1/quartus/libraries/megafunctions/aglobal130.inc                           ;         ;
; db/cntr_vgj.tdf                  ; yes             ; Auto-Generated Megafunction        ; C:/Users/Usuario/Documents/Facultad/TyDD2/ProgramasVHDL/Prueba_1/Parte_F/db/cntr_vgj.tdf   ;         ;
; db/cmpr_gfc.tdf                  ; yes             ; Auto-Generated Megafunction        ; C:/Users/Usuario/Documents/Facultad/TyDD2/ProgramasVHDL/Prueba_1/Parte_F/db/cmpr_gfc.tdf   ;         ;
; lpm_shiftreg.tdf                 ; yes             ; Megafunction                       ; c:/altera/13.0sp1/quartus/libraries/megafunctions/lpm_shiftreg.tdf                         ;         ;
; db/cntr_0hj.tdf                  ; yes             ; Auto-Generated Megafunction        ; C:/Users/Usuario/Documents/Facultad/TyDD2/ProgramasVHDL/Prueba_1/Parte_F/db/cntr_0hj.tdf   ;         ;
+----------------------------------+-----------------+------------------------------------+--------------------------------------------------------------------------------------------+---------+


+-----------------------------------------------------------+
; Analysis & Synthesis Resource Usage Summary               ;
+---------------------------------------------+-------------+
; Resource                                    ; Usage       ;
+---------------------------------------------+-------------+
; Estimated Total logic elements              ; 8           ;
;                                             ;             ;
; Total combinational functions               ; 8           ;
; Logic element usage by number of LUT inputs ;             ;
;     -- 4 input functions                    ; 0           ;
;     -- 3 input functions                    ; 5           ;
;     -- <=2 input functions                  ; 3           ;
;                                             ;             ;
; Logic elements by mode                      ;             ;
;     -- normal mode                          ; 8           ;
;     -- arithmetic mode                      ; 0           ;
;                                             ;             ;
; Total registers                             ; 6           ;
;     -- Dedicated logic registers            ; 6           ;
;     -- I/O registers                        ; 0           ;
;                                             ;             ;
; I/O pins                                    ; 9           ;
; Embedded Multiplier 9-bit elements          ; 0           ;
; Maximum fan-out node                        ; clock~input ;
; Maximum fan-out                             ; 6           ;
; Total fan-out                               ; 44          ;
; Average fan-out                             ; 1.38        ;
+---------------------------------------------+-------------+


+------------------------------------------------------------------------------------------------------------------------------------------------------------------------------------------------------------------------------------------------------------------+
; Analysis & Synthesis Resource Utilization by Entity                                                                                                                                                                                                              ;
+-------------------------------------------+-------------------+--------------+-------------+--------------+---------+-----------+------+--------------+-------------------------------------------------------------------------------------------+--------------+
; Compilation Hierarchy Node                ; LC Combinationals ; LC Registers ; Memory Bits ; DSP Elements ; DSP 9x9 ; DSP 18x18 ; Pins ; Virtual Pins ; Full Hierarchy Name                                                                       ; Library Name ;
+-------------------------------------------+-------------------+--------------+-------------+--------------+---------+-----------+------+--------------+-------------------------------------------------------------------------------------------+--------------+
; |circuitoi2c                              ; 8 (0)             ; 6 (0)        ; 0           ; 0            ; 0       ; 0         ; 9    ; 0            ; |circuitoi2c                                                                              ; work         ;
;    |lpm_counter2:inst5|                   ; 4 (0)             ; 3 (0)        ; 0           ; 0            ; 0       ; 0         ; 0    ; 0            ; |circuitoi2c|lpm_counter2:inst5                                                           ; work         ;
;       |lpm_counter:LPM_COUNTER_component| ; 4 (0)             ; 3 (0)        ; 0           ; 0            ; 0       ; 0         ; 0    ; 0            ; |circuitoi2c|lpm_counter2:inst5|lpm_counter:LPM_COUNTER_component                         ; work         ;
;          |cntr_0hj:auto_generated|        ; 4 (4)             ; 3 (3)        ; 0           ; 0            ; 0       ; 0         ; 0    ; 0            ; |circuitoi2c|lpm_counter2:inst5|lpm_counter:LPM_COUNTER_component|cntr_0hj:auto_generated ; work         ;
;    |lpm_counter3:inst4|                   ; 4 (0)             ; 3 (0)        ; 0           ; 0            ; 0       ; 0         ; 0    ; 0            ; |circuitoi2c|lpm_counter3:inst4                                                           ; work         ;
;       |lpm_counter:LPM_COUNTER_component| ; 4 (0)             ; 3 (0)        ; 0           ; 0            ; 0       ; 0         ; 0    ; 0            ; |circuitoi2c|lpm_counter3:inst4|lpm_counter:LPM_COUNTER_component                         ; work         ;
;          |cntr_vgj:auto_generated|        ; 4 (4)             ; 3 (3)        ; 0           ; 0            ; 0       ; 0         ; 0    ; 0            ; |circuitoi2c|lpm_counter3:inst4|lpm_counter:LPM_COUNTER_component|cntr_vgj:auto_generated ; work         ;
+-------------------------------------------+-------------------+--------------+-------------+--------------+---------+-----------+------+--------------+-------------------------------------------------------------------------------------------+--------------+
Note: For table entries with two numbers listed, the numbers in parentheses indicate the number of resources of the given type used by the specific entity alone. The numbers listed outside of parentheses indicate the total resources of the given type used by the specific entity and all of its sub-entities in the hierarchy.


+------------------------------------------------------------------------------------------------------------------------------------------------------------------------------------------------+
; Analysis & Synthesis IP Cores Summary                                                                                                                                                          ;
+--------+--------------+---------+--------------+--------------+-----------------------------------+--------------------------------------------------------------------------------------------+
; Vendor ; IP Core Name ; Version ; Release Date ; License Type ; Entity Instance                   ; IP Include File                                                                            ;
+--------+--------------+---------+--------------+--------------+-----------------------------------+--------------------------------------------------------------------------------------------+
; Altera ; LPM_COUNTER  ; 13.0    ; N/A          ; N/A          ; |circuitoi2c|lpm_counter3:inst4   ; C:/Users/Usuario/Documents/Facultad/TyDD2/ProgramasVHDL/Prueba_1/Parte_F/lpm_counter3.vhd  ;
; Altera ; LPM_COUNTER  ; 13.0    ; N/A          ; N/A          ; |circuitoi2c|lpm_counter2:inst5   ; C:/Users/Usuario/Documents/Facultad/TyDD2/ProgramasVHDL/Prueba_1/Parte_F/lpm_counter2.vhd  ;
; Altera ; LPM_SHIFTREG ; 13.0    ; N/A          ; N/A          ; |circuitoi2c|lpm_shiftreg2:inst6  ; C:/Users/Usuario/Documents/Facultad/TyDD2/ProgramasVHDL/Prueba_1/Parte_F/lpm_shiftreg2.vhd ;
; Altera ; LPM_SHIFTREG ; 13.0    ; N/A          ; N/A          ; |circuitoi2c|lpm_shiftreg1:inst9  ; C:/Users/Usuario/Documents/Facultad/TyDD2/ProgramasVHDL/Prueba_1/Parte_F/lpm_shiftreg1.vhd ;
; Altera ; LPM_SHIFTREG ; 13.0    ; N/A          ; N/A          ; |circuitoi2c|lpm_shiftreg1:inst10 ; C:/Users/Usuario/Documents/Facultad/TyDD2/ProgramasVHDL/Prueba_1/Parte_F/lpm_shiftreg1.vhd ;
+--------+--------------+---------+--------------+--------------+-----------------------------------+--------------------------------------------------------------------------------------------+


Encoding Type:  One-Hot
+-------------------------------------------------------------------------------------------------------+
; State Machine - |circuitoi2c|i2c:inst11|fstate                                                        ;
+---------------------+--------------------+------------+-----------+---------------------+-------------+
; Name                ; fstate.guarda_dato ; fstate.ACK ; fstate.RW ; fstate.guarda_direc ; fstate.Idle ;
+---------------------+--------------------+------------+-----------+---------------------+-------------+
; fstate.Idle         ; 0                  ; 0          ; 0         ; 0                   ; 0           ;
; fstate.guarda_direc ; 0                  ; 0          ; 0         ; 1                   ; 1           ;
; fstate.RW           ; 0                  ; 0          ; 1         ; 0                   ; 1           ;
; fstate.ACK          ; 0                  ; 1          ; 0         ; 0                   ; 1           ;
; fstate.guarda_dato  ; 1                  ; 0          ; 0         ; 0                   ; 1           ;
+---------------------+--------------------+------------+-----------+---------------------+-------------+


+-------------------------------------------------------------------------------------------------------------------------------------------------------+
; Registers Removed During Synthesis                                                                                                                    ;
+------------------------------------------------------------------------+------------------------------------------------------------------------------+
; Register name                                                          ; Reason for Removal                                                           ;
+------------------------------------------------------------------------+------------------------------------------------------------------------------+
; lpm_shiftreg1:inst9|lpm_shiftreg:LPM_SHIFTREG_component|dffs[0]        ; Merged with lpm_shiftreg1:inst10|lpm_shiftreg:LPM_SHIFTREG_component|dffs[0] ;
; lpm_shiftreg1:inst10|lpm_shiftreg:LPM_SHIFTREG_component|dffs[1]       ; Merged with lpm_shiftreg1:inst9|lpm_shiftreg:LPM_SHIFTREG_component|dffs[1]  ;
; lpm_shiftreg1:inst9|lpm_shiftreg:LPM_SHIFTREG_component|dffs[2]        ; Merged with lpm_shiftreg1:inst10|lpm_shiftreg:LPM_SHIFTREG_component|dffs[2] ;
; lpm_shiftreg1:inst10|lpm_shiftreg:LPM_SHIFTREG_component|dffs[3]       ; Merged with lpm_shiftreg1:inst9|lpm_shiftreg:LPM_SHIFTREG_component|dffs[3]  ;
; lpm_shiftreg1:inst9|lpm_shiftreg:LPM_SHIFTREG_component|dffs[4]        ; Merged with lpm_shiftreg1:inst10|lpm_shiftreg:LPM_SHIFTREG_component|dffs[4] ;
; lpm_shiftreg1:inst10|lpm_shiftreg:LPM_SHIFTREG_component|dffs[5]       ; Merged with lpm_shiftreg1:inst9|lpm_shiftreg:LPM_SHIFTREG_component|dffs[5]  ;
; lpm_shiftreg1:inst9|lpm_shiftreg:LPM_SHIFTREG_component|dffs[6]        ; Merged with lpm_shiftreg1:inst10|lpm_shiftreg:LPM_SHIFTREG_component|dffs[6] ;
; lpm_shiftreg1:inst10|lpm_shiftreg:LPM_SHIFTREG_component|dffs[0,2,4,6] ; Lost fanout                                                                  ;
; lpm_shiftreg1:inst9|lpm_shiftreg:LPM_SHIFTREG_component|dffs[1,3,5]    ; Lost fanout                                                                  ;
; i2c:inst11|fstate.Idle                                                 ; Stuck at GND due to stuck port clear                                         ;
; i2c:inst11|fstate.guarda_direc                                         ; Stuck at GND due to stuck port clear                                         ;
; i2c:inst11|fstate.RW                                                   ; Stuck at GND due to stuck port clear                                         ;
; i2c:inst11|fstate.ACK                                                  ; Stuck at GND due to stuck port clear                                         ;
; i2c:inst11|fstate.guarda_dato                                          ; Stuck at GND due to stuck port clear                                         ;
; Total Number of Removed Registers = 19                                 ;                                                                              ;
+------------------------------------------------------------------------+------------------------------------------------------------------------------+


+--------------------------------------------------------------------------------------------------------------------------------------------------------------+
; Removed Registers Triggering Further Register Optimizations                                                                                                  ;
+------------------------------------------------------------------+-------------------------+-----------------------------------------------------------------+
; Register name                                                    ; Reason for Removal      ; Registers Removed due to This Register                          ;
+------------------------------------------------------------------+-------------------------+-----------------------------------------------------------------+
; i2c:inst11|fstate.RW                                             ; Stuck at GND            ; i2c:inst11|fstate.ACK, i2c:inst11|fstate.guarda_dato            ;
;                                                                  ; due to stuck port clear ;                                                                 ;
; lpm_shiftreg1:inst10|lpm_shiftreg:LPM_SHIFTREG_component|dffs[6] ; Lost Fanouts            ; lpm_shiftreg1:inst9|lpm_shiftreg:LPM_SHIFTREG_component|dffs[5] ;
; lpm_shiftreg1:inst10|lpm_shiftreg:LPM_SHIFTREG_component|dffs[4] ; Lost Fanouts            ; lpm_shiftreg1:inst9|lpm_shiftreg:LPM_SHIFTREG_component|dffs[3] ;
; lpm_shiftreg1:inst10|lpm_shiftreg:LPM_SHIFTREG_component|dffs[2] ; Lost Fanouts            ; lpm_shiftreg1:inst9|lpm_shiftreg:LPM_SHIFTREG_component|dffs[1] ;
+------------------------------------------------------------------+-------------------------+-----------------------------------------------------------------+


+------------------------------------------------------+
; General Register Statistics                          ;
+----------------------------------------------+-------+
; Statistic                                    ; Value ;
+----------------------------------------------+-------+
; Total registers                              ; 6     ;
; Number of registers using Synchronous Clear  ; 0     ;
; Number of registers using Synchronous Load   ; 0     ;
; Number of registers using Asynchronous Clear ; 0     ;
; Number of registers using Asynchronous Load  ; 0     ;
; Number of registers using Clock Enable       ; 0     ;
; Number of registers using Preset             ; 0     ;
+----------------------------------------------+-------+


+---------------------------------------------------------------------------------------------------+
; Parameter Settings for User Entity Instance: lpm_counter3:inst4|lpm_counter:LPM_COUNTER_component ;
+------------------------+-------------+------------------------------------------------------------+
; Parameter Name         ; Value       ; Type                                                       ;
+------------------------+-------------+------------------------------------------------------------+
; AUTO_CARRY_CHAINS      ; ON          ; AUTO_CARRY                                                 ;
; IGNORE_CARRY_BUFFERS   ; OFF         ; IGNORE_CARRY                                               ;
; AUTO_CASCADE_CHAINS    ; ON          ; AUTO_CASCADE                                               ;
; IGNORE_CASCADE_BUFFERS ; OFF         ; IGNORE_CASCADE                                             ;
; LPM_WIDTH              ; 3           ; Signed Integer                                             ;
; LPM_DIRECTION          ; UP          ; Untyped                                                    ;
; LPM_MODULUS            ; 6           ; Signed Integer                                             ;
; LPM_AVALUE             ; UNUSED      ; Untyped                                                    ;
; LPM_SVALUE             ; UNUSED      ; Untyped                                                    ;
; LPM_PORT_UPDOWN        ; PORT_UNUSED ; Untyped                                                    ;
; DEVICE_FAMILY          ; Cyclone III ; Untyped                                                    ;
; CARRY_CHAIN            ; MANUAL      ; Untyped                                                    ;
; CARRY_CHAIN_LENGTH     ; 48          ; CARRY_CHAIN_LENGTH                                         ;
; NOT_GATE_PUSH_BACK     ; ON          ; NOT_GATE_PUSH_BACK                                         ;
; CARRY_CNT_EN           ; SMART       ; Untyped                                                    ;
; LABWIDE_SCLR           ; ON          ; Untyped                                                    ;
; USE_NEW_VERSION        ; TRUE        ; Untyped                                                    ;
; CBXI_PARAMETER         ; cntr_vgj    ; Untyped                                                    ;
+------------------------+-------------+------------------------------------------------------------+
Note: In order to hide this table in the UI and the text report file, please set the "Show Parameter Settings in Synthesis Report" option in "Analysis and Synthesis Settings -> More Settings" to "Off".


+------------------------------------------------------------------------------------------------------+
; Parameter Settings for User Entity Instance: lpm_shiftreg1:inst9|lpm_shiftreg:LPM_SHIFTREG_component ;
+------------------------+-------------+---------------------------------------------------------------+
; Parameter Name         ; Value       ; Type                                                          ;
+------------------------+-------------+---------------------------------------------------------------+
; LPM_WIDTH              ; 7           ; Signed Integer                                                ;
; LPM_DIRECTION          ; LEFT        ; Untyped                                                       ;
; LPM_AVALUE             ; UNUSED      ; Untyped                                                       ;
; LPM_SVALUE             ; UNUSED      ; Untyped                                                       ;
; DEVICE_FAMILY          ; Cyclone III ; Untyped                                                       ;
; AUTO_CARRY_CHAINS      ; ON          ; AUTO_CARRY                                                    ;
; IGNORE_CARRY_BUFFERS   ; OFF         ; IGNORE_CARRY                                                  ;
; AUTO_CASCADE_CHAINS    ; ON          ; AUTO_CASCADE                                                  ;
; IGNORE_CASCADE_BUFFERS ; OFF         ; IGNORE_CASCADE                                                ;
+------------------------+-------------+---------------------------------------------------------------+
Note: In order to hide this table in the UI and the text report file, please set the "Show Parameter Settings in Synthesis Report" option in "Analysis and Synthesis Settings -> More Settings" to "Off".


+-------------------------------------------------------------------------------------------------------+
; Parameter Settings for User Entity Instance: lpm_shiftreg1:inst10|lpm_shiftreg:LPM_SHIFTREG_component ;
+------------------------+-------------+----------------------------------------------------------------+
; Parameter Name         ; Value       ; Type                                                           ;
+------------------------+-------------+----------------------------------------------------------------+
; LPM_WIDTH              ; 7           ; Signed Integer                                                 ;
; LPM_DIRECTION          ; LEFT        ; Untyped                                                        ;
; LPM_AVALUE             ; UNUSED      ; Untyped                                                        ;
; LPM_SVALUE             ; UNUSED      ; Untyped                                                        ;
; DEVICE_FAMILY          ; Cyclone III ; Untyped                                                        ;
; AUTO_CARRY_CHAINS      ; ON          ; AUTO_CARRY                                                     ;
; IGNORE_CARRY_BUFFERS   ; OFF         ; IGNORE_CARRY                                                   ;
; AUTO_CASCADE_CHAINS    ; ON          ; AUTO_CASCADE                                                   ;
; IGNORE_CASCADE_BUFFERS ; OFF         ; IGNORE_CASCADE                                                 ;
+------------------------+-------------+----------------------------------------------------------------+
Note: In order to hide this table in the UI and the text report file, please set the "Show Parameter Settings in Synthesis Report" option in "Analysis and Synthesis Settings -> More Settings" to "Off".


+---------------------------------------------------------------------------------------------------+
; Parameter Settings for User Entity Instance: lpm_counter2:inst5|lpm_counter:LPM_COUNTER_component ;
+------------------------+-------------+------------------------------------------------------------+
; Parameter Name         ; Value       ; Type                                                       ;
+------------------------+-------------+------------------------------------------------------------+
; AUTO_CARRY_CHAINS      ; ON          ; AUTO_CARRY                                                 ;
; IGNORE_CARRY_BUFFERS   ; OFF         ; IGNORE_CARRY                                               ;
; AUTO_CASCADE_CHAINS    ; ON          ; AUTO_CASCADE                                               ;
; IGNORE_CASCADE_BUFFERS ; OFF         ; IGNORE_CASCADE                                             ;
; LPM_WIDTH              ; 3           ; Signed Integer                                             ;
; LPM_DIRECTION          ; UP          ; Untyped                                                    ;
; LPM_MODULUS            ; 7           ; Signed Integer                                             ;
; LPM_AVALUE             ; UNUSED      ; Untyped                                                    ;
; LPM_SVALUE             ; UNUSED      ; Untyped                                                    ;
; LPM_PORT_UPDOWN        ; PORT_UNUSED ; Untyped                                                    ;
; DEVICE_FAMILY          ; Cyclone III ; Untyped                                                    ;
; CARRY_CHAIN            ; MANUAL      ; Untyped                                                    ;
; CARRY_CHAIN_LENGTH     ; 48          ; CARRY_CHAIN_LENGTH                                         ;
; NOT_GATE_PUSH_BACK     ; ON          ; NOT_GATE_PUSH_BACK                                         ;
; CARRY_CNT_EN           ; SMART       ; Untyped                                                    ;
; LABWIDE_SCLR           ; ON          ; Untyped                                                    ;
; USE_NEW_VERSION        ; TRUE        ; Untyped                                                    ;
; CBXI_PARAMETER         ; cntr_0hj    ; Untyped                                                    ;
+------------------------+-------------+------------------------------------------------------------+
Note: In order to hide this table in the UI and the text report file, please set the "Show Parameter Settings in Synthesis Report" option in "Analysis and Synthesis Settings -> More Settings" to "Off".


+------------------------------------------------------------------------------------------------------+
; Parameter Settings for User Entity Instance: lpm_shiftreg2:inst6|lpm_shiftreg:LPM_SHIFTREG_component ;
+------------------------+-------------+---------------------------------------------------------------+
; Parameter Name         ; Value       ; Type                                                          ;
+------------------------+-------------+---------------------------------------------------------------+
; LPM_WIDTH              ; 8           ; Signed Integer                                                ;
; LPM_DIRECTION          ; LEFT        ; Untyped                                                       ;
; LPM_AVALUE             ; UNUSED      ; Untyped                                                       ;
; LPM_SVALUE             ; UNUSED      ; Untyped                                                       ;
; DEVICE_FAMILY          ; Cyclone III ; Untyped                                                       ;
; AUTO_CARRY_CHAINS      ; ON          ; AUTO_CARRY                                                    ;
; IGNORE_CARRY_BUFFERS   ; OFF         ; IGNORE_CARRY                                                  ;
; AUTO_CASCADE_CHAINS    ; ON          ; AUTO_CASCADE                                                  ;
; IGNORE_CASCADE_BUFFERS ; OFF         ; IGNORE_CASCADE                                                ;
+------------------------+-------------+---------------------------------------------------------------+
Note: In order to hide this table in the UI and the text report file, please set the "Show Parameter Settings in Synthesis Report" option in "Analysis and Synthesis Settings -> More Settings" to "Off".


+---------------------------------------------------------------------------------------+
; lpm_shiftreg Parameter Settings by Entity Instance                                    ;
+----------------------------+----------------------------------------------------------+
; Name                       ; Value                                                    ;
+----------------------------+----------------------------------------------------------+
; Number of entity instances ; 3                                                        ;
; Entity Instance            ; lpm_shiftreg1:inst9|lpm_shiftreg:LPM_SHIFTREG_component  ;
;     -- LPM_WIDTH           ; 7                                                        ;
;     -- LPM_DIRECTION       ; LEFT                                                     ;
; Entity Instance            ; lpm_shiftreg1:inst10|lpm_shiftreg:LPM_SHIFTREG_component ;
;     -- LPM_WIDTH           ; 7                                                        ;
;     -- LPM_DIRECTION       ; LEFT                                                     ;
; Entity Instance            ; lpm_shiftreg2:inst6|lpm_shiftreg:LPM_SHIFTREG_component  ;
;     -- LPM_WIDTH           ; 8                                                        ;
;     -- LPM_DIRECTION       ; LEFT                                                     ;
+----------------------------+----------------------------------------------------------+


+-------------------------------+
; Elapsed Time Per Partition    ;
+----------------+--------------+
; Partition Name ; Elapsed Time ;
+----------------+--------------+
; Top            ; 00:00:00     ;
+----------------+--------------+


+-------------------------------+
; Analysis & Synthesis Messages ;
+-------------------------------+
Info: *******************************************************************
Info: Running Quartus II 64-Bit Analysis & Synthesis
    Info: Version 13.0.1 Build 232 06/12/2013 Service Pack 1 SJ Web Edition
    Info: Processing started: Sun Nov 02 11:40:16 2025
Info: Command: quartus_map --read_settings_files=on --write_settings_files=off i2c -c i2c
Warning (20028): Parallel compilation is not licensed and has been disabled
Info (12021): Found 1 design units, including 1 entities, in source file circuitoi2c.bdf
    Info (12023): Found entity 1: circuitoi2c
Info (12021): Found 2 design units, including 1 entities, in source file lpm_shiftreg0.vhd
    Info (12022): Found design unit 1: lpm_shiftreg0-SYN
    Info (12023): Found entity 1: lpm_shiftreg0
Info (12021): Found 2 design units, including 1 entities, in source file lpm_counter0.vhd
    Info (12022): Found design unit 1: lpm_counter0-SYN
    Info (12023): Found entity 1: lpm_counter0
Info (12021): Found 2 design units, including 1 entities, in source file lpm_counter1.vhd
    Info (12022): Found design unit 1: lpm_counter1-SYN
    Info (12023): Found entity 1: lpm_counter1
Info (12021): Found 2 design units, including 1 entities, in source file lpm_counter2.vhd
    Info (12022): Found design unit 1: lpm_counter2-SYN
    Info (12023): Found entity 1: lpm_counter2
Info (12021): Found 2 design units, including 1 entities, in source file lpm_counter3.vhd
    Info (12022): Found design unit 1: lpm_counter3-SYN
    Info (12023): Found entity 1: lpm_counter3
Info (12021): Found 2 design units, including 1 entities, in source file lpm_shiftreg1.vhd
    Info (12022): Found design unit 1: lpm_shiftreg1-SYN
    Info (12023): Found entity 1: lpm_shiftreg1
Info (12021): Found 2 design units, including 1 entities, in source file comparador.vhd
    Info (12022): Found design unit 1: comparador-BEHAVIOR
    Info (12023): Found entity 1: comparador
Info (12021): Found 2 design units, including 1 entities, in source file lpm_shiftreg2.vhd
    Info (12022): Found design unit 1: lpm_shiftreg2-SYN
    Info (12023): Found entity 1: lpm_shiftreg2
Info (12021): Found 2 design units, including 1 entities, in source file tb_circuitoi2c.vhd
    Info (12022): Found design unit 1: TB_circuitoi2c-behavior
    Info (12023): Found entity 1: TB_circuitoi2c
Info (12127): Elaborating entity "circuitoi2c" for the top level hierarchy
Warning (275083): Bus "direccion2[6..0]" found using same base name as "direccion", which might lead to a name conflict.
Warning (275080): Converted elements in bus name "direccion" using legacy naming rules. Make any assignments on the new names, not on the original names.
    Warning (275081): Converted element name(s) from "direccion[6..0]" to "direccion6..0"
Warning (275080): Converted elements in bus name "direccion2" using legacy naming rules. Make any assignments on the new names, not on the original names.
    Warning (275081): Converted element name(s) from "direccion2[6..0]" to "direccion26..0"
Warning (12125): Using design file i2c.vhd, which is not specified as a design file for the current project, but contains definitions for 2 design units and 1 entities in project
    Info (12022): Found design unit 1: i2c-BEHAVIOR
    Info (12023): Found entity 1: i2c
Info (12128): Elaborating entity "i2c" for hierarchy "i2c:inst11"
Info (12128): Elaborating entity "lpm_counter3" for hierarchy "lpm_counter3:inst4"
Info (12128): Elaborating entity "lpm_counter" for hierarchy "lpm_counter3:inst4|lpm_counter:LPM_COUNTER_component"
Info (12130): Elaborated megafunction instantiation "lpm_counter3:inst4|lpm_counter:LPM_COUNTER_component"
Info (12133): Instantiated megafunction "lpm_counter3:inst4|lpm_counter:LPM_COUNTER_component" with the following parameter:
    Info (12134): Parameter "lpm_direction" = "UP"
    Info (12134): Parameter "lpm_modulus" = "6"
    Info (12134): Parameter "lpm_port_updown" = "PORT_UNUSED"
    Info (12134): Parameter "lpm_type" = "LPM_COUNTER"
    Info (12134): Parameter "lpm_width" = "3"
Info (12021): Found 1 design units, including 1 entities, in source file db/cntr_vgj.tdf
    Info (12023): Found entity 1: cntr_vgj
Info (12128): Elaborating entity "cntr_vgj" for hierarchy "lpm_counter3:inst4|lpm_counter:LPM_COUNTER_component|cntr_vgj:auto_generated"
Info (12021): Found 1 design units, including 1 entities, in source file db/cmpr_gfc.tdf
    Info (12023): Found entity 1: cmpr_gfc
Info (12128): Elaborating entity "cmpr_gfc" for hierarchy "lpm_counter3:inst4|lpm_counter:LPM_COUNTER_component|cntr_vgj:auto_generated|cmpr_gfc:cmpr2"
Info (12128): Elaborating entity "comparador" for hierarchy "comparador:inst3"
Info (12128): Elaborating entity "lpm_shiftreg1" for hierarchy "lpm_shiftreg1:inst9"
Info (12128): Elaborating entity "lpm_shiftreg" for hierarchy "lpm_shiftreg1:inst9|lpm_shiftreg:LPM_SHIFTREG_component"
Info (12130): Elaborated megafunction instantiation "lpm_shiftreg1:inst9|lpm_shiftreg:LPM_SHIFTREG_component"
Info (12133): Instantiated megafunction "lpm_shiftreg1:inst9|lpm_shiftreg:LPM_SHIFTREG_component" with the following parameter:
    Info (12134): Parameter "lpm_direction" = "LEFT"
    Info (12134): Parameter "lpm_type" = "LPM_SHIFTREG"
    Info (12134): Parameter "lpm_width" = "7"
Info (12128): Elaborating entity "lpm_counter2" for hierarchy "lpm_counter2:inst5"
Info (12128): Elaborating entity "lpm_counter" for hierarchy "lpm_counter2:inst5|lpm_counter:LPM_COUNTER_component"
Info (12130): Elaborated megafunction instantiation "lpm_counter2:inst5|lpm_counter:LPM_COUNTER_component"
Info (12133): Instantiated megafunction "lpm_counter2:inst5|lpm_counter:LPM_COUNTER_component" with the following parameter:
    Info (12134): Parameter "lpm_direction" = "UP"
    Info (12134): Parameter "lpm_modulus" = "7"
    Info (12134): Parameter "lpm_port_updown" = "PORT_UNUSED"
    Info (12134): Parameter "lpm_type" = "LPM_COUNTER"
    Info (12134): Parameter "lpm_width" = "3"
Info (12021): Found 1 design units, including 1 entities, in source file db/cntr_0hj.tdf
    Info (12023): Found entity 1: cntr_0hj
Info (12128): Elaborating entity "cntr_0hj" for hierarchy "lpm_counter2:inst5|lpm_counter:LPM_COUNTER_component|cntr_0hj:auto_generated"
Info (12128): Elaborating entity "lpm_shiftreg2" for hierarchy "lpm_shiftreg2:inst6"
Info (12128): Elaborating entity "lpm_shiftreg" for hierarchy "lpm_shiftreg2:inst6|lpm_shiftreg:LPM_SHIFTREG_component"
Info (12130): Elaborated megafunction instantiation "lpm_shiftreg2:inst6|lpm_shiftreg:LPM_SHIFTREG_component"
Info (12133): Instantiated megafunction "lpm_shiftreg2:inst6|lpm_shiftreg:LPM_SHIFTREG_component" with the following parameter:
    Info (12134): Parameter "lpm_direction" = "LEFT"
    Info (12134): Parameter "lpm_type" = "LPM_SHIFTREG"
    Info (12134): Parameter "lpm_width" = "8"
Warning (13024): Output pins are stuck at VCC or GND
    Warning (13410): Pin "habdir" is stuck at GND
    Warning (13410): Pin "habdat" is stuck at GND
    Warning (13410): Pin "ackout" is stuck at GND
    Warning (13410): Pin "soooy" is stuck at VCC
Info (286030): Timing-Driven Synthesis is running
Info (17049): 7 registers lost all their fanouts during netlist optimizations.
Info (16010): Generating hard_block partition "hard_block:auto_generated_inst"
    Info (16011): Adding 0 node(s), including 0 DDIO, 0 PLL, 0 transceiver and 0 LCELL
Info (21057): Implemented 17 device resources after synthesis - the final resource count might be different
    Info (21058): Implemented 2 input pins
    Info (21059): Implemented 7 output pins
    Info (21061): Implemented 8 logic cells
Info: Quartus II 64-Bit Analysis & Synthesis was successful. 0 errors, 12 warnings
    Info: Peak virtual memory: 4638 megabytes
    Info: Processing ended: Sun Nov 02 11:40:18 2025
    Info: Elapsed time: 00:00:02
    Info: Total CPU time (on all processors): 00:00:02


