Flow report for Proyecto1
Thu Oct 16 16:01:28 2025
Quartus II 64-Bit Version 13.0.1 Build 232 06/12/2013 Service Pack 1 SJ Web Edition


---------------------
; Table of Contents ;
---------------------
  1. Legal Notice
  2. Flow Summary
  3. Flow Settings
  4. Flow Non-Default Global Settings
  5. Flow Elapsed Time
  6. Flow OS Summary
  7. Flow Log
  8. Flow Messages
  9. Flow Suppressed Messages



----------------
; Legal Notice ;
----------------
Copyright (C) 1991-2013 Altera Corporation
Your use of Altera Corporation's design tools, logic functions 
and other software and tools, and its AMPP partner logic 
functions, and any output files from any of the foregoing 
(including device programming or simulation files), and any 
associated documentation or information are expressly subject 
to the terms and conditions of the Altera Program License 
Subscription Agreement, Altera MegaCore Function License 
Agreement, or other applicable license agreement, including, 
without limitation, that your use is for the sole purpose of 
programming logic devices manufactured by Altera and sold by 
Altera or its authorized distributors.  Please refer to the 
applicable agreement for further details.



+--------------------------------------------------------------------------------------+
; Flow Summary                                                                         ;
+------------------------------------+-------------------------------------------------+
; Flow Status                        ; Successful - Thu Oct 16 16:01:26 2025           ;
; Quartus II 64-Bit Version          ; 13.0.1 Build 232 06/12/2013 SP 1 SJ Web Edition ;
; Revision Name                      ; Proyecto1                                       ;
; Top-level Entity Name              ; signed_adder                                    ;
; Family                             ; Cyclone III                                     ;
; Device                             ; EP3C25U256C8                                    ;
; Timing Models                      ; Final                                           ;
; Total logic elements               ; 8 / 24,624 ( < 1 % )                            ;
;     Total combinational functions  ; 8 / 24,624 ( < 1 % )                            ;
;     Dedicated logic registers      ; 0 / 24,624 ( 0 % )                              ;
; Total registers                    ; 0                                               ;
; Total pins                         ; 24 / 157 ( 15 % )                               ;
; Total virtual pins                 ; 0                                               ;
; Total memory bits                  ; 0 / 608,256 ( 0 % )                             ;
; Embedded Multiplier 9-bit elements ; 0 / 132 ( 0 % )                                 ;
; Total PLLs                         ; 0 / 4 ( 0 % )                                   ;
+------------------------------------+-------------------------------------------------+


+-----------------------------------------+
; Flow Settings                           ;
+-------------------+---------------------+
; Option            ; Setting             ;
+-------------------+---------------------+
; Start date & time ; 10/16/2025 16:01:15 ;
; Main task         ; Compilation         ;
; Revision Name     ; Proyecto1           ;
+-------------------+---------------------+


+------------------------------------------------------------------------------------------------------------------+
; Flow Non-Default Global Settings                                                                                 ;
+-------------------------------------+--------------------------------+---------------+--------------+------------+
; Assignment Name                     ; Value                          ; Default Value ; Entity Name  ; Section Id ;
+-------------------------------------+--------------------------------+---------------+--------------+------------+
; COMPILER_SIGNATURE_ID               ; 44225925188410.176064127507408 ; --            ; --           ; --         ;
; MAX_CORE_JUNCTION_TEMP              ; 85                             ; --            ; --           ; --         ;
; MIN_CORE_JUNCTION_TEMP              ; 0                              ; --            ; --           ; --         ;
; NOMINAL_CORE_SUPPLY_VOLTAGE         ; 1.2V                           ; --            ; --           ; --         ;
; PARTITION_COLOR                     ; 16764057                       ; --            ; signed_adder ; Top        ;
; PARTITION_FITTER_PRESERVATION_LEVEL ; PLACEMENT_AND_ROUTING          ; --            ; signed_adder ; Top        ;
; PARTITION_NETLIST_TYPE              ; SOURCE                         ; --            ; signed_adder ; Top        ;
; PROJECT_OUTPUT_DIRECTORY            ; output_files                   ; --            ; --           ; --         ;
; TOP_LEVEL_ENTITY                    ; signed_adder                   ; Proyecto1     ; --           ; --         ;
+-------------------------------------+--------------------------------+---------------+--------------+------------+


+-------------------------------------------------------------------------------------------------------------------------------+
; Flow Elapsed Time                                                                                                             ;
+---------------------------+--------------+-------------------------+---------------------+------------------------------------+
; Module Name               ; Elapsed Time ; Average Processors Used ; Peak Virtual Memory ; Total CPU Time (on all processors) ;
+---------------------------+--------------+-------------------------+---------------------+------------------------------------+
; Analysis & Synthesis      ; 00:00:02     ; 1.0                     ; 4621 MB             ; 00:00:01                           ;
; Fitter                    ; 00:00:06     ; 1.0                     ; 4897 MB             ; 00:00:04                           ;
; Assembler                 ; 00:00:01     ; 1.0                     ; 4544 MB             ; 00:00:01                           ;
; TimeQuest Timing Analyzer ; 00:00:01     ; 1.0                     ; 4603 MB             ; 00:00:01                           ;
; Total                     ; 00:00:10     ; --                      ; --                  ; 00:00:07                           ;
+---------------------------+--------------+-------------------------+---------------------+------------------------------------+


+----------------------------------------------------------------------------------------+
; Flow OS Summary                                                                        ;
+---------------------------+------------------+-----------+------------+----------------+
; Module Name               ; Machine Hostname ; OS Name   ; OS Version ; Processor type ;
+---------------------------+------------------+-----------+------------+----------------+
; Analysis & Synthesis      ; DESKTOP-9KFG860  ; Windows 7 ; 6.2        ; x86_64         ;
; Fitter                    ; DESKTOP-9KFG860  ; Windows 7 ; 6.2        ; x86_64         ;
; Assembler                 ; DESKTOP-9KFG860  ; Windows 7 ; 6.2        ; x86_64         ;
; TimeQuest Timing Analyzer ; DESKTOP-9KFG860  ; Windows 7 ; 6.2        ; x86_64         ;
+---------------------------+------------------+-----------+------------+----------------+


------------
; Flow Log ;
------------
quartus_map --read_settings_files=on --write_settings_files=off Proyecto1 -c Proyecto1
quartus_fit --read_settings_files=off --write_settings_files=off Proyecto1 -c Proyecto1
quartus_asm --read_settings_files=off --write_settings_files=off Proyecto1 -c Proyecto1
quartus_sta Proyecto1 -c Proyecto1



